<?xml version="1.0" encoding="UTF-8"?>
<testsuite name="com.gildedrose.GildedRoseTest" tests="5" skipped="0" failures="0" errors="0" timestamp="2022-09-16T22:31:08" hostname="MSI" time="0.025">
  <properties/>
  <testcase name="Test that the quality of Aged Brie increase while it's SellIn decrease" classname="com.gildedrose.GildedRoseTest" time="0.016"/>
  <testcase name="Test that the name is unchanged" classname="com.gildedrose.GildedRoseTest" time="0.001"/>
  <testcase name="Test that the quality and the sellIn for Sulfuras is unchanged" classname="com.gildedrose.GildedRoseTest" time="0.001"/>
  <testcase name="Test for other product" classname="com.gildedrose.GildedRoseTest" time="0.001"/>
  <testcase name="Test that the quality of Backstage passes increase while it's SellIn decrease" classname="com.gildedrose.GildedRoseTest" time="0.001"/>
  <system-out><![CDATA[]]></system-out>
  <system-err><![CDATA[]]></system-err>
</testsuite>
